#
# There is insufficient memory for the Java Runtime Environment to continue.
# Native memory allocation (malloc) failed to allocate 1707744 bytes for Chunk::new
# Possible reasons:
#   The system is out of physical RAM or swap space
#   The process is running with CompressedOops enabled, and the Java Heap may be blocking the growth of the native heap
# Possible solutions:
#   Reduce memory load on the system
#   Increase physical memory or swap space
#   Check if swap backing store is full
#   Decrease Java heap size (-Xmx/-Xms)
#   Decrease number of Java threads
#   Decrease Java thread stack sizes (-Xss)
#   Set larger code cache with -XX:ReservedCodeCacheSize=
#   JVM is running with Unscaled Compressed Oops mode in which the Java heap is
#     placed in the first 4GB address space. The Java Heap base address is the
#     maximum limit for the native heap growth. Please use -XX:HeapBaseMinAddress
#     to set the Java Heap base and to place the Java Heap above 4GB virtual address.
# This output file may be truncated or incomplete.
#
#  Out of Memory Error (arena.cpp:166), pid=17052, tid=15144
#
# JRE version: Java(TM) SE Runtime Environment (21.0+35) (build 21+35-LTS-2513)
# Java VM: Java HotSpot(TM) 64-Bit Server VM (21+35-LTS-2513, mixed mode, sharing, tiered, compressed oops, compressed class ptrs, g1 gc, windows-amd64)
# No core dump will be written. Minidumps are not enabled by default on client versions of Windows
#

---------------  S U M M A R Y ------------

Command Line: -javaagent:C:\Program Files\JetBrains\IntelliJ IDEA Community Edition 2023.2.2\lib\idea_rt.jar=52486:C:\Program Files\JetBrains\IntelliJ IDEA Community Edition 2023.2.2\bin -Dfile.encoding=UTF-8 -Dsun.stdout.encoding=UTF-8 -Dsun.stderr.encoding=UTF-8 ru.gb.crossfit_studio.CrossfitStudioApplication

Host: Intel(R) Pentium(R) CPU 4415U @ 2.30GHz, 4 cores, 3G,  Windows 10 , 64 bit Build 19041 (10.0.19041.4717)
Time: Fri Sep  6 14:42:28 2024  Windows 10 , 64 bit Build 19041 (10.0.19041.4717) elapsed time: 9.031795 seconds (0d 0h 0m 9s)

---------------  T H R E A D  ---------------

Current thread (0x00000169fe87ba30):  JavaThread "C2 CompilerThread0" daemon [_thread_in_native, id=15144, stack(0x0000003670c00000,0x0000003670d00000) (1024K)]


Current CompileTask:
C2:   9032 3651       4       org.springframework.boot.context.properties.source.ConfigurationPropertyName$ElementsParser::parse (234 bytes)

Stack: [0x0000003670c00000,0x0000003670d00000]
Native frames: (J=compiled Java code, j=interpreted, Vv=VM code, C=native code)
V  [jvm.dll+0x6c8d39]
V  [jvm.dll+0x854091]
V  [jvm.dll+0x85630e]
V  [jvm.dll+0x8569e3]
V  [jvm.dll+0x2809a6]
V  [jvm.dll+0xc3e6d]
V  [jvm.dll+0xc4383]
V  [jvm.dll+0x3b551c]
V  [jvm.dll+0x382245]
V  [jvm.dll+0x3816ba]
V  [jvm.dll+0x249800]
V  [jvm.dll+0x248de1]
V  [jvm.dll+0x1c9b91]
V  [jvm.dll+0x2583e9]
V  [jvm.dll+0x2569ca]
V  [jvm.dll+0x3eef66]
V  [jvm.dll+0x7fd2c8]
V  [jvm.dll+0x6c748d]
C  [ucrtbase.dll+0x21bb2]
C  [KERNEL32.DLL+0x17374]
C  [ntdll.dll+0x4cc91]


---------------  P R O C E S S  ---------------

Threads class SMR info:
_java_thread_list=0x00000169d47859d0, length=12, elements={
0x00000169f2c007d0, 0x00000169fe86e690, 0x00000169fe86fec0, 0x00000169fe873700,
0x00000169fe873d70, 0x00000169fe874660, 0x00000169fe87b090, 0x00000169fe87ba30,
0x00000169fe87c5f0, 0x00000169fea9e780, 0x00000169fec7bc30, 0x00000169fec7c2a0
}

Java Threads: ( => current thread )
  0x00000169f2c007d0 JavaThread "main"                              [_thread_in_native, id=13668, stack(0x000000366fe00000,0x000000366ff00000) (1024K)]
  0x00000169fe86e690 JavaThread "Reference Handler"          daemon [_thread_blocked, id=16060, stack(0x0000003670600000,0x0000003670700000) (1024K)]
  0x00000169fe86fec0 JavaThread "Finalizer"                  daemon [_thread_blocked, id=7176, stack(0x0000003670700000,0x0000003670800000) (1024K)]
  0x00000169fe873700 JavaThread "Signal Dispatcher"          daemon [_thread_blocked, id=11384, stack(0x0000003670800000,0x0000003670900000) (1024K)]
  0x00000169fe873d70 JavaThread "Attach Listener"            daemon [_thread_blocked, id=16860, stack(0x0000003670900000,0x0000003670a00000) (1024K)]
  0x00000169fe874660 JavaThread "Service Thread"             daemon [_thread_blocked, id=6536, stack(0x0000003670a00000,0x0000003670b00000) (1024K)]
  0x00000169fe87b090 JavaThread "Monitor Deflation Thread"   daemon [_thread_blocked, id=12064, stack(0x0000003670b00000,0x0000003670c00000) (1024K)]
=>0x00000169fe87ba30 JavaThread "C2 CompilerThread0"         daemon [_thread_in_native, id=15144, stack(0x0000003670c00000,0x0000003670d00000) (1024K)]
  0x00000169fe87c5f0 JavaThread "C1 CompilerThread0"         daemon [_thread_blocked, id=12876, stack(0x0000003670d00000,0x0000003670e00000) (1024K)]
  0x00000169fea9e780 JavaThread "Common-Cleaner"             daemon [_thread_blocked, id=17020, stack(0x0000003670e00000,0x0000003670f00000) (1024K)]
  0x00000169fec7bc30 JavaThread "Monitor Ctrl-Break"         daemon [_thread_in_native, id=10608, stack(0x0000003670f00000,0x0000003671000000) (1024K)]
  0x00000169fec7c2a0 JavaThread "Notification Thread"        daemon [_thread_blocked, id=1108, stack(0x0000003671000000,0x0000003671100000) (1024K)]
Total: 12

Other Threads:
  0x00000169fe84fac0 VMThread "VM Thread"                           [id=15832, stack(0x0000003670500000,0x0000003670600000) (1024K)]
  0x00000169fe83da20 WatcherThread "VM Periodic Task Thread"        [id=15044, stack(0x0000003670400000,0x0000003670500000) (1024K)]
  0x00000169f2c3b5b0 WorkerThread "GC Thread#0"                     [id=5388, stack(0x000000366ff00000,0x0000003670000000) (1024K)]
  0x00000169ff1fe070 WorkerThread "GC Thread#1"                     [id=13104, stack(0x0000003671100000,0x0000003671200000) (1024K)]
  0x00000169fefc6540 WorkerThread "GC Thread#2"                     [id=9940, stack(0x0000003671200000,0x0000003671300000) (1024K)]
  0x00000169ff143f10 WorkerThread "GC Thread#3"                     [id=16104, stack(0x0000003671300000,0x0000003671400000) (1024K)]
  0x00000169f2c44170 ConcurrentGCThread "G1 Main Marker"            [id=1616, stack(0x0000003670000000,0x0000003670100000) (1024K)]
  0x00000169f2c45220 WorkerThread "G1 Conc#0"                       [id=1008, stack(0x0000003670100000,0x0000003670200000) (1024K)]
  0x00000169f2c98390 ConcurrentGCThread "G1 Refine#0"               [id=2636, stack(0x0000003670200000,0x0000003670300000) (1024K)]
  0x00000169f0a537e0 ConcurrentGCThread "G1 Service"                [id=9608, stack(0x0000003670300000,0x0000003670400000) (1024K)]
Total: 10

Threads with active compile tasks:
C2 CompilerThread0     9131 3651       4       org.springframework.boot.context.properties.source.ConfigurationPropertyName$ElementsParser::parse (234 bytes)
Total: 1

VM state: not at safepoint (normal execution)

VM Mutex/Monitor currently owned by a thread: None

Heap address: 0x00000000c1400000, size: 1004 MB, Compressed Oops mode: 32-bit

CDS archive(s) mapped at: [0x000001698f000000-0x000001698fc90000-0x000001698fc90000), size 13172736, SharedBaseAddress: 0x000001698f000000, ArchiveRelocationMode: 1.
Compressed class space mapped at: 0x0000016990000000-0x00000169d0000000, reserved size: 1073741824
Narrow klass base: 0x000001698f000000, Narrow klass shift: 0, Narrow klass range: 0x100000000

GC Precious Log:
 CardTable entry size: 512
 Card Set container configuration: InlinePtr #cards 5 size 8 Array Of Cards #cards 12 size 40 Howl #buckets 4 coarsen threshold 1843 Howl Bitmap #cards 512 size 80 coarsen threshold 460 Card regions per heap region 1 cards per card region 2048
 CPUs: 4 total, 4 available
 Memory: 4009M
 Large Page Support: Disabled
 NUMA Support: Disabled
 Compressed Oops: Enabled (32-bit)
 Heap Region Size: 1M
 Heap Min Capacity: 8M
 Heap Initial Capacity: 64M
 Heap Max Capacity: 1004M
 Pre-touch: Disabled
 Parallel Workers: 4
 Concurrent Workers: 1
 Concurrent Refinement Workers: 4
 Periodic GC: Disabled

Heap:
 garbage-first heap   total 51200K, used 19066K [0x00000000c1400000, 0x0000000100000000)
  region size 1024K, 7 young (7168K), 4 survivors (4096K)
 Metaspace       used 27811K, committed 28288K, reserved 1114112K
  class space    used 3502K, committed 3712K, reserved 1048576K

Heap Regions: E=young(eden), S=young(survivor), O=old, HS=humongous(starts), HC=humongous(continues), CS=collection set, F=free, TAMS=top-at-mark-start, PB=parsable bottom
|   0|0x00000000c1400000, 0x00000000c1500000, 0x00000000c1500000|100%|HS|  |TAMS 0x00000000c1400000| PB 0x00000000c1400000| Complete 
|   1|0x00000000c1500000, 0x00000000c1600000, 0x00000000c1600000|100%| O|  |TAMS 0x00000000c1500000| PB 0x00000000c1500000| Untracked 
|   2|0x00000000c1600000, 0x00000000c1700000, 0x00000000c1700000|100%| O|  |TAMS 0x00000000c1600000| PB 0x00000000c1600000| Untracked 
|   3|0x00000000c1700000, 0x00000000c1800000, 0x00000000c1800000|100%| O|  |TAMS 0x00000000c1700000| PB 0x00000000c1700000| Untracked 
|   4|0x00000000c1800000, 0x00000000c1900000, 0x00000000c1900000|100%| O|  |TAMS 0x00000000c1800000| PB 0x00000000c1800000| Untracked 
|   5|0x00000000c1900000, 0x00000000c1a00000, 0x00000000c1a00000|100%| O|  |TAMS 0x00000000c1900000| PB 0x00000000c1900000| Untracked 
|   6|0x00000000c1a00000, 0x00000000c1b00000, 0x00000000c1b00000|100%| O|  |TAMS 0x00000000c1a00000| PB 0x00000000c1a00000| Untracked 
|   7|0x00000000c1b00000, 0x00000000c1c00000, 0x00000000c1c00000|100%| O|  |TAMS 0x00000000c1b00000| PB 0x00000000c1b00000| Untracked 
|   8|0x00000000c1c00000, 0x00000000c1d00000, 0x00000000c1d00000|100%| O|  |TAMS 0x00000000c1c00000| PB 0x00000000c1c00000| Untracked 
|   9|0x00000000c1d00000, 0x00000000c1e00000, 0x00000000c1e00000|100%| O|  |TAMS 0x00000000c1d00000| PB 0x00000000c1d00000| Untracked 
|  10|0x00000000c1e00000, 0x00000000c1f00000, 0x00000000c1f00000|100%| O|  |TAMS 0x00000000c1e00000| PB 0x00000000c1e00000| Untracked 
|  11|0x00000000c1f00000, 0x00000000c2000000, 0x00000000c2000000|100%| O|  |TAMS 0x00000000c1f00000| PB 0x00000000c1f00000| Untracked 
|  12|0x00000000c2000000, 0x00000000c20b72c0, 0x00000000c2100000| 71%| O|Cm|TAMS 0x00000000c2000000| PB 0x00000000c2000000| Complete 
|  13|0x00000000c2100000, 0x00000000c2100000, 0x00000000c2200000|  0%| F|  |TAMS 0x00000000c2100000| PB 0x00000000c2100000| Untracked 
|  14|0x00000000c2200000, 0x00000000c2200000, 0x00000000c2300000|  0%| F|  |TAMS 0x00000000c2200000| PB 0x00000000c2200000| Untracked 
|  15|0x00000000c2300000, 0x00000000c2300000, 0x00000000c2400000|  0%| F|  |TAMS 0x00000000c2300000| PB 0x00000000c2300000| Untracked 
|  16|0x00000000c2400000, 0x00000000c24e7660, 0x00000000c2500000| 90%| S|CS|TAMS 0x00000000c2400000| PB 0x00000000c2400000| Complete 
|  17|0x00000000c2500000, 0x00000000c2600000, 0x00000000c2600000|100%| S|CS|TAMS 0x00000000c2500000| PB 0x00000000c2500000| Complete 
|  18|0x00000000c2600000, 0x00000000c2700000, 0x00000000c2700000|100%| S|CS|TAMS 0x00000000c2600000| PB 0x00000000c2600000| Complete 
|  19|0x00000000c2700000, 0x00000000c2800000, 0x00000000c2800000|100%| S|CS|TAMS 0x00000000c2700000| PB 0x00000000c2700000| Complete 
|  20|0x00000000c2800000, 0x00000000c2800000, 0x00000000c2900000|  0%| F|  |TAMS 0x00000000c2800000| PB 0x00000000c2800000| Untracked 
|  21|0x00000000c2900000, 0x00000000c2900000, 0x00000000c2a00000|  0%| F|  |TAMS 0x00000000c2900000| PB 0x00000000c2900000| Untracked 
|  22|0x00000000c2a00000, 0x00000000c2a00000, 0x00000000c2b00000|  0%| F|  |TAMS 0x00000000c2a00000| PB 0x00000000c2a00000| Untracked 
|  23|0x00000000c2b00000, 0x00000000c2b00000, 0x00000000c2c00000|  0%| F|  |TAMS 0x00000000c2b00000| PB 0x00000000c2b00000| Untracked 
|  24|0x00000000c2c00000, 0x00000000c2c00000, 0x00000000c2d00000|  0%| F|  |TAMS 0x00000000c2c00000| PB 0x00000000c2c00000| Untracked 
|  25|0x00000000c2d00000, 0x00000000c2d00000, 0x00000000c2e00000|  0%| F|  |TAMS 0x00000000c2d00000| PB 0x00000000c2d00000| Untracked 
|  26|0x00000000c2e00000, 0x00000000c2e00000, 0x00000000c2f00000|  0%| F|  |TAMS 0x00000000c2e00000| PB 0x00000000c2e00000| Untracked 
|  27|0x00000000c2f00000, 0x00000000c2f00000, 0x00000000c3000000|  0%| F|  |TAMS 0x00000000c2f00000| PB 0x00000000c2f00000| Untracked 
|  28|0x00000000c3000000, 0x00000000c3000000, 0x00000000c3100000|  0%| F|  |TAMS 0x00000000c3000000| PB 0x00000000c3000000| Untracked 
|  29|0x00000000c3100000, 0x00000000c3100000, 0x00000000c3200000|  0%| F|  |TAMS 0x00000000c3100000| PB 0x00000000c3100000| Untracked 
|  30|0x00000000c3200000, 0x00000000c3200000, 0x00000000c3300000|  0%| F|  |TAMS 0x00000000c3200000| PB 0x00000000c3200000| Untracked 
|  31|0x00000000c3300000, 0x00000000c3300000, 0x00000000c3400000|  0%| F|  |TAMS 0x00000000c3300000| PB 0x00000000c3300000| Untracked 
|  32|0x00000000c3400000, 0x00000000c3400000, 0x00000000c3500000|  0%| F|  |TAMS 0x00000000c3400000| PB 0x00000000c3400000| Untracked 
|  33|0x00000000c3500000, 0x00000000c3500000, 0x00000000c3600000|  0%| F|  |TAMS 0x00000000c3500000| PB 0x00000000c3500000| Untracked 
|  34|0x00000000c3600000, 0x00000000c3600000, 0x00000000c3700000|  0%| F|  |TAMS 0x00000000c3600000| PB 0x00000000c3600000| Untracked 
|  35|0x00000000c3700000, 0x00000000c3700000, 0x00000000c3800000|  0%| F|  |TAMS 0x00000000c3700000| PB 0x00000000c3700000| Untracked 
|  36|0x00000000c3800000, 0x00000000c3800000, 0x00000000c3900000|  0%| F|  |TAMS 0x00000000c3800000| PB 0x00000000c3800000| Untracked 
|  37|0x00000000c3900000, 0x00000000c3900000, 0x00000000c3a00000|  0%| F|  |TAMS 0x00000000c3900000| PB 0x00000000c3900000| Untracked 
|  38|0x00000000c3a00000, 0x00000000c3a00000, 0x00000000c3b00000|  0%| F|  |TAMS 0x00000000c3a00000| PB 0x00000000c3a00000| Untracked 
|  39|0x00000000c3b00000, 0x00000000c3b00000, 0x00000000c3c00000|  0%| F|  |TAMS 0x00000000c3b00000| PB 0x00000000c3b00000| Untracked 
|  40|0x00000000c3c00000, 0x00000000c3c00000, 0x00000000c3d00000|  0%| F|  |TAMS 0x00000000c3c00000| PB 0x00000000c3c00000| Untracked 
|  41|0x00000000c3d00000, 0x00000000c3d00000, 0x00000000c3e00000|  0%| F|  |TAMS 0x00000000c3d00000| PB 0x00000000c3d00000| Untracked 
|  42|0x00000000c3e00000, 0x00000000c3e00000, 0x00000000c3f00000|  0%| F|  |TAMS 0x00000000c3e00000| PB 0x00000000c3e00000| Untracked 
|  43|0x00000000c3f00000, 0x00000000c3f00000, 0x00000000c4000000|  0%| F|  |TAMS 0x00000000c3f00000| PB 0x00000000c3f00000| Untracked 
|  44|0x00000000c4000000, 0x00000000c4000000, 0x00000000c4100000|  0%| F|  |TAMS 0x00000000c4000000| PB 0x00000000c4000000| Untracked 
|  45|0x00000000c4100000, 0x00000000c4100000, 0x00000000c4200000|  0%| F|  |TAMS 0x00000000c4100000| PB 0x00000000c4100000| Untracked 
|  46|0x00000000c4200000, 0x00000000c4200000, 0x00000000c4300000|  0%| F|  |TAMS 0x00000000c4200000| PB 0x00000000c4200000| Untracked 
|  47|0x00000000c4300000, 0x00000000c4400000, 0x00000000c4400000|100%| E|  |TAMS 0x00000000c4300000| PB 0x00000000c4300000| Complete 
|  54|0x00000000c4a00000, 0x00000000c4b00000, 0x00000000c4b00000|100%| E|CS|TAMS 0x00000000c4a00000| PB 0x00000000c4a00000| Complete 
|  63|0x00000000c5300000, 0x00000000c5400000, 0x00000000c5400000|100%| E|CS|TAMS 0x00000000c5300000| PB 0x00000000c5300000| Complete 

Card table byte_map: [0x00000169fb240000,0x00000169fb440000] _byte_map_base: 0x00000169fac36000

Marking Bits: (CMBitMap*) 0x00000169f2c3b960
 Bits: [0x00000169fb440000, 0x00000169fc3f0000)

Polling page: 0x00000169f0d80000

Metaspace:

Usage:
  Non-class:     23.76 MB used.
      Class:      3.42 MB used.
       Both:     27.18 MB used.

Virtual space:
  Non-class space:       64.00 MB reserved,      24.00 MB ( 38%) committed,  1 nodes.
      Class space:        1.00 GB reserved,       3.62 MB ( <1%) committed,  1 nodes.
             Both:        1.06 GB reserved,      27.62 MB (  3%) committed. 

Chunk freelists:
   Non-Class:  8.02 MB
       Class:  12.41 MB
        Both:  20.42 MB

MaxMetaspaceSize: unlimited
CompressedClassSpaceSize: 1.00 GB
Initial GC threshold: 21.00 MB
Current GC threshold: 35.12 MB
CDS: on
 - commit_granule_bytes: 65536.
 - commit_granule_words: 8192.
 - virtual_space_node_default_size: 8388608.
 - enlarge_chunks_in_place: 1.
 - use_allocation_guard: 0.


Internal statistics:

num_allocs_failed_limit: 3.
num_arena_births: 550.
num_arena_deaths: 0.
num_vsnodes_births: 2.
num_vsnodes_deaths: 0.
num_space_committed: 442.
num_space_uncommitted: 0.
num_chunks_returned_to_freelist: 3.
num_chunks_taken_from_freelist: 1544.
num_chunk_merges: 3.
num_chunk_splits: 1041.
num_chunks_enlarged: 732.
num_inconsistent_stats: 0.

CodeHeap 'non-profiled nmethods': size=120000Kb used=1507Kb max_used=1507Kb free=118492Kb
 bounds [0x0000016987ad0000, 0x0000016987d40000, 0x000001698f000000]
CodeHeap 'profiled nmethods': size=120000Kb used=7924Kb max_used=7924Kb free=112075Kb
 bounds [0x0000016980000000, 0x00000169807c0000, 0x0000016987530000]
CodeHeap 'non-nmethods': size=5760Kb used=1467Kb max_used=1514Kb free=4292Kb
 bounds [0x0000016987530000, 0x00000169877a0000, 0x0000016987ad0000]
 total_blobs=4268 nmethods=3724 adapters=449
 compilation: enabled
              stopped_count=0, restarted_count=0
 full_count=0

Compilation events (20 events):
Event: 8.932 Thread 0x00000169fe87c5f0 3713       2       java.nio.CharBuffer::array (35 bytes)
Event: 8.933 Thread 0x00000169fe87c5f0 nmethod 3713 0x00000169807b3a90 code [0x00000169807b3c60, 0x00000169807b3eb0]
Event: 8.933 Thread 0x00000169fe87c5f0 3712   !   2       sun.net.www.protocol.jar.JarFileFactory::getConnection (40 bytes)
Event: 8.933 Thread 0x00000169fe87c5f0 nmethod 3712 0x00000169807b4010 code [0x00000169807b41e0, 0x00000169807b44e8]
Event: 8.934 Thread 0x00000169fe87c5f0 3714       2       java.lang.String::lastIndexOf (10 bytes)
Event: 8.934 Thread 0x00000169fe87c5f0 nmethod 3714 0x00000169807b4710 code [0x00000169807b48c0, 0x00000169807b49f8]
Event: 8.934 Thread 0x00000169fe87c5f0 3715       2       java.lang.String::lastIndexOf (18 bytes)
Event: 8.934 Thread 0x00000169fe87c5f0 nmethod 3715 0x00000169807b4b10 code [0x00000169807b4cc0, 0x00000169807b4e10]
Event: 8.937 Thread 0x00000169fe87c5f0 3716       1       java.util.ResourceBundle$CacheKey::getName (5 bytes)
Event: 8.937 Thread 0x00000169fe87c5f0 nmethod 3716 0x0000016987c48590 code [0x0000016987c48720, 0x0000016987c487e8]
Event: 8.958 Thread 0x00000169fe87c5f0 3717       2       java.util.concurrent.locks.ReentrantLock$NonfairSync::tryAcquire (27 bytes)
Event: 8.958 Thread 0x00000169fe87c5f0 nmethod 3717 0x00000169807b4f10 code [0x00000169807b50c0, 0x00000169807b52a0]
Event: 8.962 Thread 0x00000169fe87c5f0 3718       2       java.lang.System$2::decodeASCII (11 bytes)
Event: 8.963 Thread 0x00000169fe87c5f0 nmethod 3718 0x00000169807b5390 code [0x00000169807b5540, 0x00000169807b5670]
Event: 8.963 Thread 0x00000169fe87c5f0 3719       2       java.lang.String::decodeASCII (46 bytes)
Event: 8.963 Thread 0x00000169fe87c5f0 nmethod 3719 0x00000169807b5710 code [0x00000169807b58c0, 0x00000169807b5ac0]
Event: 8.965 Thread 0x00000169fe87c5f0 3721       2       java.util.logging.LogManager::getProperty (9 bytes)
Event: 8.965 Thread 0x00000169fe87c5f0 nmethod 3721 0x00000169807b5c10 code [0x00000169807b5dc0, 0x00000169807b5ef8]
Event: 9.022 Thread 0x00000169fe87c5f0 3722       2       java.io.FilterInputStream::available (8 bytes)
Event: 9.022 Thread 0x00000169fe87c5f0 nmethod 3722 0x00000169807b5f90 code [0x00000169807b6140, 0x00000169807b6278]

GC Heap History (12 events):
Event: 2.158 GC heap before
{Heap before GC invocations=0 (full 0):
 garbage-first heap   total 65536K, used 13312K [0x00000000c1400000, 0x0000000100000000)
  region size 1024K, 13 young (13312K), 0 survivors (0K)
 Metaspace       used 3558K, committed 3712K, reserved 1114112K
  class space    used 338K, committed 384K, reserved 1048576K
}
Event: 2.176 GC heap after
{Heap after GC invocations=1 (full 0):
 garbage-first heap   total 65536K, used 6601K [0x00000000c1400000, 0x0000000100000000)
  region size 1024K, 2 young (2048K), 2 survivors (2048K)
 Metaspace       used 3558K, committed 3712K, reserved 1114112K
  class space    used 338K, committed 384K, reserved 1048576K
}
Event: 3.025 GC heap before
{Heap before GC invocations=1 (full 0):
 garbage-first heap   total 65536K, used 17865K [0x00000000c1400000, 0x0000000100000000)
  region size 1024K, 13 young (13312K), 2 survivors (2048K)
 Metaspace       used 7117K, committed 7296K, reserved 1114112K
  class space    used 821K, committed 896K, reserved 1048576K
}
Event: 3.035 GC heap after
{Heap after GC invocations=2 (full 0):
 garbage-first heap   total 65536K, used 7811K [0x00000000c1400000, 0x0000000100000000)
  region size 1024K, 1 young (1024K), 1 survivors (1024K)
 Metaspace       used 7117K, committed 7296K, reserved 1114112K
  class space    used 821K, committed 896K, reserved 1048576K
}
Event: 4.122 GC heap before
{Heap before GC invocations=2 (full 0):
 garbage-first heap   total 65536K, used 29315K [0x00000000c1400000, 0x0000000100000000)
  region size 1024K, 23 young (23552K), 1 survivors (1024K)
 Metaspace       used 13325K, committed 13632K, reserved 1114112K
  class space    used 1573K, committed 1728K, reserved 1048576K
}
Event: 4.128 GC heap after
{Heap after GC invocations=3 (full 0):
 garbage-first heap   total 65536K, used 9752K [0x00000000c1400000, 0x0000000100000000)
  region size 1024K, 3 young (3072K), 3 survivors (3072K)
 Metaspace       used 13325K, committed 13632K, reserved 1114112K
  class space    used 1573K, committed 1728K, reserved 1048576K
}
Event: 5.704 GC heap before
{Heap before GC invocations=3 (full 0):
 garbage-first heap   total 65536K, used 44568K [0x00000000c1400000, 0x0000000100000000)
  region size 1024K, 38 young (38912K), 3 survivors (3072K)
 Metaspace       used 19789K, committed 20096K, reserved 1114112K
  class space    used 2392K, committed 2496K, reserved 1048576K
}
Event: 5.718 GC heap after
{Heap after GC invocations=4 (full 0):
 garbage-first heap   total 65536K, used 13091K [0x00000000c1400000, 0x0000000100000000)
  region size 1024K, 5 young (5120K), 5 survivors (5120K)
 Metaspace       used 19789K, committed 20096K, reserved 1114112K
  class space    used 2392K, committed 2496K, reserved 1048576K
}
Event: 6.380 GC heap before
{Heap before GC invocations=4 (full 0):
 garbage-first heap   total 65536K, used 21283K [0x00000000c1400000, 0x0000000100000000)
  region size 1024K, 14 young (14336K), 5 survivors (5120K)
 Metaspace       used 21243K, committed 21504K, reserved 1114112K
  class space    used 2574K, committed 2688K, reserved 1048576K
}
Event: 6.398 GC heap after
{Heap after GC invocations=5 (full 0):
 garbage-first heap   total 65536K, used 13907K [0x00000000c1400000, 0x0000000100000000)
  region size 1024K, 1 young (1024K), 1 survivors (1024K)
 Metaspace       used 21243K, committed 21504K, reserved 1114112K
  class space    used 2574K, committed 2688K, reserved 1048576K
}
Event: 8.942 GC heap before
{Heap before GC invocations=6 (full 0):
 garbage-first heap   total 51200K, used 43603K [0x00000000c1400000, 0x0000000100000000)
  region size 1024K, 30 young (30720K), 1 survivors (1024K)
 Metaspace       used 26959K, committed 27456K, reserved 1114112K
  class space    used 3421K, committed 3648K, reserved 1048576K
}
Event: 8.958 GC heap after
{Heap after GC invocations=7 (full 0):
 garbage-first heap   total 51200K, used 17018K [0x00000000c1400000, 0x0000000100000000)
  region size 1024K, 4 young (4096K), 4 survivors (4096K)
 Metaspace       used 26959K, committed 27456K, reserved 1114112K
  class space    used 3421K, committed 3648K, reserved 1048576K
}

Dll operation events (11 events):
Event: 0.027 Loaded shared library C:\Program Files\Java\jdk-21\bin\java.dll
Event: 0.130 Loaded shared library C:\Program Files\Java\jdk-21\bin\jsvml.dll
Event: 0.903 Loaded shared library C:\Program Files\Java\jdk-21\bin\zip.dll
Event: 1.293 Loaded shared library C:\Program Files\Java\jdk-21\bin\instrument.dll
Event: 1.311 Loaded shared library C:\Program Files\Java\jdk-21\bin\net.dll
Event: 1.316 Loaded shared library C:\Program Files\Java\jdk-21\bin\nio.dll
Event: 1.326 Loaded shared library C:\Program Files\Java\jdk-21\bin\zip.dll
Event: 1.659 Loaded shared library C:\Program Files\JetBrains\IntelliJ IDEA Community Edition 2023.2.2\bin\breakgen64.dll
Event: 1.691 Loaded shared library C:\Program Files\Java\jdk-21\bin\extnet.dll
Event: 1.704 Loaded shared library C:\Program Files\Java\jdk-21\bin\jimage.dll
Event: 4.697 Loaded shared library C:\Program Files\Java\jdk-21\bin\sunmscapi.dll

Deoptimization events (20 events):
Event: 8.507 Thread 0x00000169f2c007d0 Uncommon trap: trap_request=0xffffffd6 fr.pc=0x0000016987c33ff0 relative=0x0000000000002cf0
Event: 8.507 Thread 0x00000169f2c007d0 Uncommon trap: reason=array_check action=maybe_recompile pc=0x0000016987c33ff0 method=org.springframework.util.ConcurrentReferenceHashMap$Segment.lambda$doTask$0(Ljava/lang/Object;ILorg/springframework/util/ConcurrentReferenceHashMap$Reference;ILjava/lang
Event: 8.507 Thread 0x00000169f2c007d0 DEOPT PACKING pc=0x0000016987c33ff0 sp=0x000000366fefd1c0
Event: 8.507 Thread 0x00000169f2c007d0 DEOPT UNPACKING pc=0x000001698758469c sp=0x000000366fefce20 mode 2
Event: 8.517 Thread 0x00000169f2c007d0 Uncommon trap: trap_request=0xffffffd6 fr.pc=0x0000016987c33ff0 relative=0x0000000000002cf0
Event: 8.518 Thread 0x00000169f2c007d0 Uncommon trap: reason=array_check action=maybe_recompile pc=0x0000016987c33ff0 method=org.springframework.util.ConcurrentReferenceHashMap$Segment.lambda$doTask$0(Ljava/lang/Object;ILorg/springframework/util/ConcurrentReferenceHashMap$Reference;ILjava/lang
Event: 8.518 Thread 0x00000169f2c007d0 DEOPT PACKING pc=0x0000016987c33ff0 sp=0x000000366fefc1d0
Event: 8.518 Thread 0x00000169f2c007d0 DEOPT UNPACKING pc=0x000001698758469c sp=0x000000366fefbe30 mode 2
Event: 8.526 Thread 0x00000169f2c007d0 Uncommon trap: trap_request=0xffffffde fr.pc=0x0000016987c28be4 relative=0x00000000000010c4
Event: 8.526 Thread 0x00000169f2c007d0 Uncommon trap: reason=class_check action=maybe_recompile pc=0x0000016987c28be4 method=java.util.concurrent.ConcurrentHashMap.putVal(Ljava/lang/Object;Ljava/lang/Object;Z)Ljava/lang/Object; @ 242 c2
Event: 8.526 Thread 0x00000169f2c007d0 DEOPT PACKING pc=0x0000016987c28be4 sp=0x000000366fefb910
Event: 8.526 Thread 0x00000169f2c007d0 DEOPT UNPACKING pc=0x000001698758469c sp=0x000000366fefb890 mode 2
Event: 8.538 Thread 0x00000169f2c007d0 Uncommon trap: trap_request=0xffffffde fr.pc=0x0000016987c28be4 relative=0x00000000000010c4
Event: 8.538 Thread 0x00000169f2c007d0 Uncommon trap: reason=class_check action=maybe_recompile pc=0x0000016987c28be4 method=java.util.concurrent.ConcurrentHashMap.putVal(Ljava/lang/Object;Ljava/lang/Object;Z)Ljava/lang/Object; @ 242 c2
Event: 8.538 Thread 0x00000169f2c007d0 DEOPT PACKING pc=0x0000016987c28be4 sp=0x000000366fefd990
Event: 8.538 Thread 0x00000169f2c007d0 DEOPT UNPACKING pc=0x000001698758469c sp=0x000000366fefd910 mode 2
Event: 8.577 Thread 0x00000169f2c007d0 Uncommon trap: trap_request=0xffffffd6 fr.pc=0x0000016987c33ff0 relative=0x0000000000002cf0
Event: 8.577 Thread 0x00000169f2c007d0 Uncommon trap: reason=array_check action=maybe_recompile pc=0x0000016987c33ff0 method=org.springframework.util.ConcurrentReferenceHashMap$Segment.lambda$doTask$0(Ljava/lang/Object;ILorg/springframework/util/ConcurrentReferenceHashMap$Reference;ILjava/lang
Event: 8.577 Thread 0x00000169f2c007d0 DEOPT PACKING pc=0x0000016987c33ff0 sp=0x000000366fefe340
Event: 8.577 Thread 0x00000169f2c007d0 DEOPT UNPACKING pc=0x000001698758469c sp=0x000000366fefdfa0 mode 2

Classes loaded (20 events):
Event: 8.976 Loading class javax/management/InvalidAttributeValueException
Event: 8.976 Loading class javax/management/InvalidAttributeValueException done
Event: 8.976 Loading class javax/management/NotificationFilter
Event: 8.976 Loading class javax/management/NotificationFilter done
Event: 8.977 Loading class javax/management/Notification
Event: 8.977 Loading class javax/management/Notification done
Event: 8.977 Loading class javax/management/AttributeChangeNotification
Event: 8.977 Loading class javax/management/AttributeChangeNotification done
Event: 8.987 Loading class java/net/SocketTimeoutException
Event: 8.987 Loading class java/io/InterruptedIOException
Event: 8.988 Loading class java/io/InterruptedIOException done
Event: 8.988 Loading class java/net/SocketTimeoutException done
Event: 8.989 Loading class java/beans/PropertyChangeSupport
Event: 8.990 Loading class java/beans/PropertyChangeSupport done
Event: 8.990 Loading class java/beans/PropertyChangeSupport$PropertyChangeListenerMap
Event: 8.990 Loading class java/beans/ChangeListenerMap
Event: 8.990 Loading class java/beans/ChangeListenerMap done
Event: 8.990 Loading class java/beans/PropertyChangeSupport$PropertyChangeListenerMap done
Event: 8.991 Loading class java/beans/PropertyChangeListener
Event: 8.991 Loading class java/beans/PropertyChangeListener done

Classes unloaded (0 events):
No events

Classes redefined (0 events):
No events

Internal exceptions (20 events):
Event: 7.768 Thread 0x00000169f2c007d0 Exception <a 'java/lang/NoClassDefFoundError'{0x00000000c352fbd0}: org/springframework/session/jdbc/JdbcIndexedSessionRepository> (0x00000000c352fbd0) 
thrown [s\open\src\hotspot\share\classfile\systemDictionary.cpp, line 301]
Event: 7.901 Thread 0x00000169f2c007d0 Exception <a 'java/lang/NoSuchMethodError'{0x00000000c345f060}: 'void java.lang.invoke.DirectMethodHandle$Holder.invokeVirtual(java.lang.Object, java.lang.Object, int)'> (0x00000000c345f060) 
thrown [s\open\src\hotspot\share\interpreter\linkResolver.cpp, line 773]
Event: 7.902 Thread 0x00000169f2c007d0 Exception <a 'java/lang/NoSuchMethodError'{0x00000000c3462f10}: 'int java.lang.invoke.DirectMethodHandle$Holder.invokeSpecial(java.lang.Object, java.lang.Object, java.lang.Object, int)'> (0x00000000c3462f10) 
thrown [s\open\src\hotspot\share\interpreter\linkResolver.cpp, line 773]
Event: 7.904 Thread 0x00000169f2c007d0 Exception <a 'java/lang/NoSuchMethodError'{0x00000000c3474c48}: 'java.lang.Object java.lang.invoke.DirectMethodHandle$Holder.invokeStatic(java.lang.Object, java.lang.Object, java.lang.Object, java.lang.Object, int)'> (0x00000000c3474c48) 
thrown [s\open\src\hotspot\share\interpreter\linkResolver.cpp, line 773]
Event: 7.906 Thread 0x00000169f2c007d0 Exception <a 'java/lang/NoSuchMethodError'{0x00000000c347f300}: 'void java.lang.invoke.DelegatingMethodHandle$Holder.reinvoke_L(java.lang.Object, java.lang.Object, int)'> (0x00000000c347f300) 
thrown [s\open\src\hotspot\share\interpreter\linkResolver.cpp, line 773]
Event: 8.100 Thread 0x00000169f2c007d0 Exception <a 'java/lang/NoSuchMethodError'{0x00000000c3153160}: 'java.lang.Object java.lang.invoke.DirectMethodHandle$Holder.invokeSpecialIFC(java.lang.Object, java.lang.Object, java.lang.Object)'> (0x00000000c3153160) 
thrown [s\open\src\hotspot\share\interpreter\linkResolver.cpp, line 773]
Event: 8.125 Thread 0x00000169f2c007d0 Exception <a 'java/lang/NoSuchMethodError'{0x00000000c319b2f0}: 'java.lang.Object java.lang.invoke.DirectMethodHandle$Holder.invokeVirtual(java.lang.Object, java.lang.Object, java.lang.Object, java.lang.Object, java.lang.Object)'> (0x00000000c319b2f0) 
thrown [s\open\src\hotspot\share\interpreter\linkResolver.cpp, line 773]
Event: 8.374 Thread 0x00000169f2c007d0 Implicit null exception at 0x0000016987c2e26f to 0x0000016987c2e6dc
Event: 8.375 Thread 0x00000169f2c007d0 Exception <a 'java/lang/NoSuchMethodError'{0x00000000c2e3ad38}: 'java.lang.reflect.Field[] java.lang.Class.getDeclaredFields(java.lang.Class)'> (0x00000000c2e3ad38) 
thrown [s\open\src\hotspot\share\interpreter\linkResolver.cpp, line 773]
Event: 8.499 Thread 0x00000169f2c007d0 Exception <a 'java/lang/NoSuchMethodError'{0x00000000c2e9afe8}: 'java.lang.Object java.lang.invoke.DirectMethodHandle$Holder.invokeVirtual(java.lang.Object, java.lang.Object, java.lang.Object, java.lang.Object, java.lang.Object, java.lang.Object)'> (0x00000000c2e9afe8) 
thrown [s\open\src\hotspot\share\interpreter\linkResolver.cpp, line 773]
Event: 8.586 Thread 0x00000169f2c007d0 Exception <a 'java/lang/NoSuchMethodError'{0x00000000c2db5578}: 'void java.lang.invoke.DirectMethodHandle$Holder.invokeInterface(java.lang.Object, java.lang.Object, int)'> (0x00000000c2db5578) 
thrown [s\open\src\hotspot\share\interpreter\linkResolver.cpp, line 773]
Event: 8.599 Thread 0x00000169f2c007d0 Exception <a 'java/lang/IncompatibleClassChangeError'{0x00000000c2df7760}: Found class java.lang.Object, but interface was expected> (0x00000000c2df7760) 
thrown [s\open\src\hotspot\share\interpreter\linkResolver.cpp, line 840]
Event: 8.602 Thread 0x00000169f2c007d0 Exception <a 'java/lang/NoSuchMethodError'{0x00000000c2c05cb0}: 'int java.lang.invoke.DirectMethodHandle$Holder.invokeSpecialIFC(java.lang.Object, java.lang.Object, java.lang.Object)'> (0x00000000c2c05cb0) 
thrown [s\open\src\hotspot\share\interpreter\linkResolver.cpp, line 773]
Event: 8.606 Thread 0x00000169f2c007d0 Exception <a 'java/lang/NoSuchMethodError'{0x00000000c2c1aaa8}: 'void java.lang.invoke.DirectMethodHandle$Holder.invokeStatic(java.lang.Object, int, java.lang.Object)'> (0x00000000c2c1aaa8) 
thrown [s\open\src\hotspot\share\interpreter\linkResolver.cpp, line 773]
Event: 8.618 Thread 0x00000169f2c007d0 Exception <a 'java/lang/NoSuchMethodError'{0x00000000c2c4ff58}: 'void java.lang.invoke.DirectMethodHandle$Holder.invokeStatic(java.lang.Object, java.lang.Object, java.lang.Object, int, java.lang.Object)'> (0x00000000c2c4ff58) 
thrown [s\open\src\hotspot\share\interpreter\linkResolver.cpp, line 773]
Event: 8.619 Thread 0x00000169f2c007d0 Exception <a 'java/lang/NoSuchMethodError'{0x00000000c2c56710}: 'java.lang.Object java.lang.invoke.DirectMethodHandle$Holder.newInvokeSpecial(java.lang.Object, java.lang.Object, java.lang.Object, int)'> (0x00000000c2c56710) 
thrown [s\open\src\hotspot\share\interpreter\linkResolver.cpp, line 773]
Event: 8.620 Thread 0x00000169f2c007d0 Exception <a 'java/lang/NoSuchMethodError'{0x00000000c2c5a500}: 'java.lang.Object java.lang.invoke.DirectMethodHandle$Holder.invokeSpecial(java.lang.Object, java.lang.Object, java.lang.Object, java.lang.Object, int)'> (0x00000000c2c5a500) 
thrown [s\open\src\hotspot\share\interpreter\linkResolver.cpp, line 773]
Event: 8.620 Thread 0x00000169f2c007d0 Exception <a 'java/lang/NoSuchMethodError'{0x00000000c2c5d988}: 'java.lang.Object java.lang.invoke.Invokers$Holder.linkToTargetMethod(java.lang.Object, java.lang.Object, int, java.lang.Object)'> (0x00000000c2c5d988) 
thrown [s\open\src\hotspot\share\interpreter\linkResolver.cpp, line 773]
Event: 8.812 Thread 0x00000169f2c007d0 Exception <a 'java/lang/NoSuchMethodError'{0x00000000c2801af8}: 'java.lang.Object java.lang.invoke.DirectMethodHandle$Holder.invokeStaticInit(java.lang.Object, int, int, int, int)'> (0x00000000c2801af8) 
thrown [s\open\src\hotspot\share\interpreter\linkResolver.cpp, line 773]
Event: 8.854 Thread 0x00000169f2c007d0 Exception <a 'java/lang/NoSuchMethodError'{0x00000000c285bea8}: 'java.lang.Object java.lang.invoke.DirectMethodHandle$Holder.invokeStaticInit(java.lang.Object, java.lang.Object, int, int, int, int)'> (0x00000000c285bea8) 
thrown [s\open\src\hotspot\share\interpreter\linkResolver.cpp, line 773]

ZGC Phase Switch (0 events):
No events

VM Operations (20 events):
Event: 6.654 Executing VM operation: HandshakeAllThreads (Deoptimize)
Event: 6.654 Executing VM operation: HandshakeAllThreads (Deoptimize) done
Event: 6.656 Executing VM operation: HandshakeAllThreads (Deoptimize)
Event: 6.656 Executing VM operation: HandshakeAllThreads (Deoptimize) done
Event: 6.971 Executing VM operation: HandshakeAllThreads (Deoptimize)
Event: 6.971 Executing VM operation: HandshakeAllThreads (Deoptimize) done
Event: 7.456 Executing VM operation: HandshakeAllThreads (Deoptimize)
Event: 7.456 Executing VM operation: HandshakeAllThreads (Deoptimize) done
Event: 7.456 Executing VM operation: Cleanup
Event: 7.456 Executing VM operation: Cleanup done
Event: 7.499 Executing VM operation: HandshakeAllThreads (Deoptimize)
Event: 7.499 Executing VM operation: HandshakeAllThreads (Deoptimize) done
Event: 7.965 Executing VM operation: HandshakeAllThreads (Deoptimize)
Event: 7.965 Executing VM operation: HandshakeAllThreads (Deoptimize) done
Event: 7.968 Executing VM operation: HandshakeAllThreads (Deoptimize)
Event: 7.968 Executing VM operation: HandshakeAllThreads (Deoptimize) done
Event: 8.286 Executing VM operation: ICBufferFull
Event: 8.286 Executing VM operation: ICBufferFull done
Event: 8.942 Executing VM operation: G1CollectForAllocation (G1 Evacuation Pause)
Event: 8.958 Executing VM operation: G1CollectForAllocation (G1 Evacuation Pause) done

Events (16 events):
Event: 0.063 Thread 0x00000169f2c007d0 Thread added: 0x00000169f2c007d0
Event: 0.124 Thread 0x00000169fe86e690 Thread added: 0x00000169fe86e690
Event: 0.124 Thread 0x00000169fe86fec0 Thread added: 0x00000169fe86fec0
Event: 0.125 Thread 0x00000169fe873700 Thread added: 0x00000169fe873700
Event: 0.125 Thread 0x00000169fe873d70 Thread added: 0x00000169fe873d70
Event: 0.126 Thread 0x00000169fe874660 Thread added: 0x00000169fe874660
Event: 0.126 Thread 0x00000169fe87b090 Thread added: 0x00000169fe87b090
Event: 0.126 Thread 0x00000169fe87ba30 Thread added: 0x00000169fe87ba30
Event: 0.127 Thread 0x00000169fe87c5f0 Thread added: 0x00000169fe87c5f0
Event: 0.413 Thread 0x00000169fea9e780 Thread added: 0x00000169fea9e780
Event: 1.661 Thread 0x00000169fec7bc30 Thread added: 0x00000169fec7bc30
Event: 1.661 Thread 0x00000169fec7c2a0 Thread added: 0x00000169fec7c2a0
Event: 3.732 Thread 0x00000169d4196430 Thread added: 0x00000169d4196430
Event: 4.667 Thread 0x00000169d45d8560 Thread added: 0x00000169d45d8560
Event: 4.714 Thread 0x00000169d4196430 Thread exited: 0x00000169d4196430
Event: 4.755 Thread 0x00000169d45d8560 Thread exited: 0x00000169d45d8560


Dynamic libraries:
0x00007ff6a59f0000 - 0x00007ff6a5a00000 	C:\Program Files\Java\jdk-21\bin\java.exe
0x00007ffe864d0000 - 0x00007ffe866c8000 	C:\WINDOWS\SYSTEM32\ntdll.dll
0x00007ffe859e0000 - 0x00007ffe85aa1000 	C:\WINDOWS\System32\KERNEL32.DLL
0x00007ffe83bd0000 - 0x00007ffe83ecd000 	C:\WINDOWS\System32\KERNELBASE.dll
0x00007ffe83f70000 - 0x00007ffe84070000 	C:\WINDOWS\System32\ucrtbase.dll
0x00007ffe7de80000 - 0x00007ffe7de99000 	C:\Program Files\Java\jdk-21\bin\jli.dll
0x00007ffe80810000 - 0x00007ffe8082b000 	C:\Program Files\Java\jdk-21\bin\VCRUNTIME140.dll
0x00007ffe86340000 - 0x00007ffe863f0000 	C:\WINDOWS\System32\ADVAPI32.dll
0x00007ffe85b80000 - 0x00007ffe85c1e000 	C:\WINDOWS\System32\msvcrt.dll
0x00007ffe863f0000 - 0x00007ffe86490000 	C:\WINDOWS\System32\sechost.dll
0x00007ffe86090000 - 0x00007ffe861b3000 	C:\WINDOWS\System32\RPCRT4.dll
0x00007ffe84070000 - 0x00007ffe84097000 	C:\WINDOWS\System32\bcrypt.dll
0x00007ffe84630000 - 0x00007ffe847cd000 	C:\WINDOWS\System32\USER32.dll
0x00007ffe83ed0000 - 0x00007ffe83ef2000 	C:\WINDOWS\System32\win32u.dll
0x00007ffe859b0000 - 0x00007ffe859db000 	C:\WINDOWS\System32\GDI32.dll
0x00007ffe69bd0000 - 0x00007ffe69e6a000 	C:\WINDOWS\WinSxS\amd64_microsoft.windows.common-controls_6595b64144ccf1df_6.0.19041.4355_none_60b8b9eb71f62e16\COMCTL32.dll
0x00007ffe840a0000 - 0x00007ffe841b7000 	C:\WINDOWS\System32\gdi32full.dll
0x00007ffe841c0000 - 0x00007ffe8425d000 	C:\WINDOWS\System32\msvcp_win.dll
0x00007ffe7c980000 - 0x00007ffe7c98a000 	C:\WINDOWS\SYSTEM32\VERSION.dll
0x00007ffe84920000 - 0x00007ffe8494f000 	C:\WINDOWS\System32\IMM32.DLL
0x00007ffe80260000 - 0x00007ffe8026c000 	C:\Program Files\Java\jdk-21\bin\vcruntime140_1.dll
0x00007ffe6a510000 - 0x00007ffe6a59e000 	C:\Program Files\Java\jdk-21\bin\msvcp140.dll
0x00007ffe45610000 - 0x00007ffe46323000 	C:\Program Files\Java\jdk-21\bin\server\jvm.dll
0x00007ffe84a70000 - 0x00007ffe84adb000 	C:\WINDOWS\System32\WS2_32.dll
0x00007ffe830d0000 - 0x00007ffe8311b000 	C:\WINDOWS\SYSTEM32\POWRPROF.dll
0x00007ffe6e670000 - 0x00007ffe6e697000 	C:\WINDOWS\SYSTEM32\WINMM.dll
0x00007ffe82f40000 - 0x00007ffe82f52000 	C:\WINDOWS\SYSTEM32\UMPDC.dll
0x00007ffe82380000 - 0x00007ffe82392000 	C:\WINDOWS\SYSTEM32\kernel.appcore.dll
0x00007ffe7df10000 - 0x00007ffe7df1a000 	C:\Program Files\Java\jdk-21\bin\jimage.dll
0x00007ffe82060000 - 0x00007ffe82244000 	C:\WINDOWS\SYSTEM32\DBGHELP.DLL
0x00007ffe71ad0000 - 0x00007ffe71b04000 	C:\WINDOWS\SYSTEM32\dbgcore.DLL
0x00007ffe843c0000 - 0x00007ffe84442000 	C:\WINDOWS\System32\bcryptPrimitives.dll
0x00007ffe6adf0000 - 0x00007ffe6adff000 	C:\Program Files\Java\jdk-21\bin\instrument.dll
0x00007ffe7d740000 - 0x00007ffe7d75f000 	C:\Program Files\Java\jdk-21\bin\java.dll
0x00007ffe84f70000 - 0x00007ffe856df000 	C:\WINDOWS\System32\SHELL32.dll
0x00007ffe817f0000 - 0x00007ffe81f8f000 	C:\WINDOWS\SYSTEM32\windows.storage.dll
0x00007ffe84b50000 - 0x00007ffe84ea3000 	C:\WINDOWS\System32\combase.dll
0x00007ffe835a0000 - 0x00007ffe835ce000 	C:\WINDOWS\SYSTEM32\Wldp.dll
0x00007ffe86270000 - 0x00007ffe8633d000 	C:\WINDOWS\System32\OLEAUT32.dll
0x00007ffe85ad0000 - 0x00007ffe85b7d000 	C:\WINDOWS\System32\SHCORE.dll
0x00007ffe84ae0000 - 0x00007ffe84b35000 	C:\WINDOWS\System32\shlwapi.dll
0x00007ffe83ab0000 - 0x00007ffe83ad4000 	C:\WINDOWS\SYSTEM32\profapi.dll
0x00007ffe57e20000 - 0x00007ffe57ef7000 	C:\Program Files\Java\jdk-21\bin\jsvml.dll
0x00007ffe72f80000 - 0x00007ffe72f98000 	C:\Program Files\Java\jdk-21\bin\zip.dll
0x00007ffe72fd0000 - 0x00007ffe72fe0000 	C:\Program Files\Java\jdk-21\bin\net.dll
0x00007ffe7a6d0000 - 0x00007ffe7a7dd000 	C:\WINDOWS\SYSTEM32\WINHTTP.dll
0x00007ffe832b0000 - 0x00007ffe8331a000 	C:\WINDOWS\system32\mswsock.dll
0x00007ffe72fb0000 - 0x00007ffe72fc6000 	C:\Program Files\Java\jdk-21\bin\nio.dll
0x00007ffe66a20000 - 0x00007ffe66a3a000 	C:\Program Files\JetBrains\IntelliJ IDEA Community Edition 2023.2.2\bin\breakgen64.dll
0x00007ffe6a770000 - 0x00007ffe6a777000 	C:\Program Files\Java\jdk-21\bin\extnet.dll
0x00007ffe65da0000 - 0x00007ffe65dae000 	C:\Program Files\Java\jdk-21\bin\sunmscapi.dll
0x00007ffe84260000 - 0x00007ffe843be000 	C:\WINDOWS\System32\CRYPT32.dll
0x00007ffe83610000 - 0x00007ffe83639000 	C:\WINDOWS\SYSTEM32\ncrypt.dll
0x00007ffe835d0000 - 0x00007ffe8360b000 	C:\WINDOWS\SYSTEM32\NTASN1.dll
0x00007ffe83470000 - 0x00007ffe83488000 	C:\WINDOWS\SYSTEM32\CRYPTSP.dll
0x00007ffe82b70000 - 0x00007ffe82ba4000 	C:\WINDOWS\system32\rsaenh.dll
0x00007ffe83a20000 - 0x00007ffe83a4e000 	C:\WINDOWS\SYSTEM32\USERENV.dll
0x00007ffe83460000 - 0x00007ffe8346c000 	C:\WINDOWS\SYSTEM32\CRYPTBASE.dll
0x00007ffe82f60000 - 0x00007ffe82f9b000 	C:\WINDOWS\SYSTEM32\IPHLPAPI.DLL
0x00007ffe849e0000 - 0x00007ffe849e8000 	C:\WINDOWS\System32\NSI.dll

dbghelp: loaded successfully - version: 4.0.5 - missing functions: none
symbol engine: initialized successfully - sym options: 0x614 - pdb path: .;C:\Program Files\Java\jdk-21\bin;C:\WINDOWS\SYSTEM32;C:\WINDOWS\WinSxS\amd64_microsoft.windows.common-controls_6595b64144ccf1df_6.0.19041.4355_none_60b8b9eb71f62e16;C:\Program Files\Java\jdk-21\bin\server;C:\Program Files\JetBrains\IntelliJ IDEA Community Edition 2023.2.2\bin

VM Arguments:
jvm_args: -javaagent:C:\Program Files\JetBrains\IntelliJ IDEA Community Edition 2023.2.2\lib\idea_rt.jar=52486:C:\Program Files\JetBrains\IntelliJ IDEA Community Edition 2023.2.2\bin -Dfile.encoding=UTF-8 -Dsun.stdout.encoding=UTF-8 -Dsun.stderr.encoding=UTF-8 
java_command: ru.gb.crossfit_studio.CrossfitStudioApplication
java_class_path (initial): C:\Users\korol\Desktop\GeekBrains\JAVA_DIPLOM\crossfit_studio\target\classes;C:\Users\korol\.m2\repository\org\springframework\boot\spring-boot-starter-data-jpa\3.3.3\spring-boot-starter-data-jpa-3.3.3.jar;C:\Users\korol\.m2\repository\org\springframework\boot\spring-boot-starter-aop\3.3.3\spring-boot-starter-aop-3.3.3.jar;C:\Users\korol\.m2\repository\org\springframework\spring-aop\6.1.12\spring-aop-6.1.12.jar;C:\Users\korol\.m2\repository\org\aspectj\aspectjweaver\1.9.22.1\aspectjweaver-1.9.22.1.jar;C:\Users\korol\.m2\repository\org\springframework\boot\spring-boot-starter-jdbc\3.3.3\spring-boot-starter-jdbc-3.3.3.jar;C:\Users\korol\.m2\repository\com\zaxxer\HikariCP\5.1.0\HikariCP-5.1.0.jar;C:\Users\korol\.m2\repository\org\springframework\spring-jdbc\6.1.12\spring-jdbc-6.1.12.jar;C:\Users\korol\.m2\repository\org\hibernate\orm\hibernate-core\6.5.2.Final\hibernate-core-6.5.2.Final.jar;C:\Users\korol\.m2\repository\jakarta\persistence\jakarta.persistence-api\3.1.0\jakarta.persistence-api-3.1.0.jar;C:\Users\korol\.m2\repository\jakarta\transaction\jakarta.transaction-api\2.0.1\jakarta.transaction-api-2.0.1.jar;C:\Users\korol\.m2\repository\org\jboss\logging\jboss-logging\3.5.3.Final\jboss-logging-3.5.3.Final.jar;C:\Users\korol\.m2\repository\org\hibernate\common\hibernate-commons-annotations\6.0.6.Final\hibernate-commons-annotations-6.0.6.Final.jar;C:\Users\korol\.m2\repository\io\smallrye\jandex\3.1.2\jandex-3.1.2.jar;C:\Users\korol\.m2\repository\com\fasterxml\classmate\1.7.0\classmate-1.7.0.jar;C:\Users\korol\.m2\repository\net\bytebuddy\byte-buddy\1.14.19\byte-buddy-1.14.19.jar;C:\Users\korol\.m2\repository\org\glassfish\jaxb\jaxb-runtime\4.0.5\jaxb-runtime-4.0.5.jar;C:\Users\korol\.m2\repository\org\glassfish\jaxb\jaxb-core\4.0.5\jaxb-core-4.0.5.jar;C:\Users\korol\.m2\repository\org\eclipse\angus\angus-activation\2.0.2\angus-activation-2.0.2.jar;C:\Users\korol\.m2\repository\org\glassfish\jaxb\txw2\4.0.5\txw2-4.0.5.jar;C:\Users\korol\.m2\repository\com\sun\istack\istack-commons-runtime\4.1.2\istack-commons-runtime-4.1.2.jar;C:\Users\korol\.m2\repository\jakarta\inject\jakarta.inject-api\2.0.1\jakarta.inject-api-2.0.1.jar;C:\Users\korol\.m2\repository\org\antlr\antlr4-runtime\4.13.0\antlr4-runtime-4.13.0.jar;C:\Users\korol\.m2\repository\org\springframework\data\spring-data-jpa\3.3.3\spring-data-jpa-3.3.3.jar;C:\Users\korol\.m2\repository\org\springframework\data\spring-data-commons\3.3.3\spring-data-commons-3.3.3.jar;C:\Users\korol\.m2\repository\org\springframework\spring-orm\6.1.12\spring-orm-6.1.12.jar;C:\Users\korol\.m2\repository\org\springframework\spring-context\6.1.12\spring-context-6.1.12.jar;C:\Users\korol\.m2\repository\org\springframework\spring-tx\6.1.12\spring-tx-6.1.12.jar;C:\Users\korol\.m2\repository\org\springframework\spring-beans\6.1.12\spring-beans-6.1.12.jar;C:\Users\korol\.m2\repository\jakarta\annotation\jakarta.annotation-api\2.1.1\jakarta.annotation-api-2.1.1.jar;C:\Users\korol\.m2\repository\org\slf4j\slf4j-api\2.0.16\slf4j-api-2.0.16.jar;C:\Users\korol\.m2\repository\org\springframework\spring-aspects\6.1.12\spring-aspects-6.1.12.jar;C:\Users\korol\.m2\repository\org\springframework\boot\spring-boot-starter-thymeleaf\3.3.3\spring-boot-starter-thymeleaf-3.3.3.jar;C:\Users\korol\.m2\repository\org\springframework\boot\spring-boot-starter\3.3.3\spring-boot-starter-3.3.3.jar;C:\Users\korol\.m2\repository\org\springframework\boot\spring-boot\3.3.3\spring-boot-3.3.3.jar;C:\Users\korol\.m2\repository\org\springframework\boot\spring-boot-autoconfigure\3.3.3\spring-boot-autoconfigure-3.3.3.jar;C:\Users\korol\.m2\repository\org\springframework\boot\spring-boot-starter-logging\3.3.3\spring-boot-starter-logging-3.3.3.jar;C:\Users\korol\.m2\repository\ch\qos\logback\logback-classic\1.5.7\logback-classic-1.5.7.jar;C:\Users\korol\.m2\repository\ch\qos\logback\logback-core\1.5.7\logback-core-1.5.7.jar;C:\Users\korol\.m2\repository\org\apache\logging\log4j\log4j-to-slf4j\2.23.1\log4j-to-slf4j-2.23.1.jar;C:\Users\korol\.m2\repository\org\apache\logging\log4j\log4j-api\2.23.1\log4j-api-2.23.1.jar;C:\Users\korol\.m2\repository\org\slf4j\jul-to-slf4j\2.0.16\jul-to-slf4j-2.0.16.jar;C:\Users\korol\.m2\repository\org\yaml\snakeyaml\2.2\snakeyaml-2.2.jar;C:\Users\korol\.m2\repository\org\thymeleaf\thymeleaf-spring6\3.1.2.RELEASE\thymeleaf-spring6-3.1.2.RELEASE.jar;C:\Users\korol\.m2\repository\org\thymeleaf\thymeleaf\3.1.2.RELEASE\thymeleaf-3.1.2.RELEASE.jar;C:\Users\korol\.m2\repository\org\attoparser\attoparser\2.0.7.RELEASE\attoparser-2.0.7.RELEASE.jar;C:\Users\korol\.m2\repository\org\unbescape\unbescape\1.1.6.RELEASE\unbescape-1.1.6.RELEASE.jar;C:\Users\korol\.m2\repository\org\springframework\boot\spring-boot-starter-web\3.3.3\spring-boot-starter-web-3.3.3.jar;C:\Users\korol\.m2\repository\org\springframework\boot\spring-boot-starter-json\3.3.3\spring-boot-starter-json-3.3.3.jar;C:\Users\korol\.m2\repository\com\fasterxml\jackson\core\jackson-databind\2.17.2\jackson-databind-2.17.2.jar;C:\Users\korol\.m2\repository\com\fasterxml\jackson\core\jackson-annotations\2.17.2\jackson-annotations-2.17.2.jar;C:\Users\korol\.m2\repository\com\fasterxml\jackson\core\jackson-core\2.17.2\jackson-core-2.17.2.jar;C:\Users\korol\.m2\repository\com\fasterxml\jackson\datatype\jackson-datatype-jdk8\2.17.2\jackson-datatype-jdk8-2.17.2.jar;C:\Users\korol\.m2\repository\com\fasterxml\jackson\datatype\jackson-datatype-jsr310\2.17.2\jackson-datatype-jsr310-2.17.2.jar;C:\Users\korol\.m2\repository\com\fasterxml\jackson\module\jackson-module-parameter-names\2.17.2\jackson-module-parameter-names-2.17.2.jar;C:\Users\korol\.m2\repository\org\springframework\boot\spring-boot-starter-tomcat\3.3.3\spring-boot-starter-tomcat-3.3.3.jar;C:\Users\korol\.m2\repository\org\apache\tomcat\embed\tomcat-embed-core\10.1.28\tomcat-embed-core-10.1.28.jar;C:\Users\korol\.m2\repository\org\apache\tomcat\embed\tomcat-embed-el\10.1.28\tomcat-embed-el-10.1.28.jar;C:\Users\korol\.m2\repository\org\apache\tomcat\embed\tomcat-embed-websocket\10.1.28\tomcat-embed-websocket-10.1.28.jar;C:\Users\korol\.m2\repository\org\springframework\spring-web\6.1.12\spring-web-6.1.12.jar;C:\Users\korol\.m2\repository\io\micrometer\micrometer-observation\1.13.3\micrometer-observation-1.13.3.jar;C:\Users\korol\.m2\repository\io\micrometer\micrometer-commons\1.13.3\micrometer-commons-1.13.3.jar;C:\Users\korol\.m2\repository\org\springframework\spring-webmvc\6.1.12\spring-webmvc-6.1.12.jar;C:\Users\korol\.m2\repository\org\springframework\spring-expression\6.1.12\spring-expression-6.1.12.jar;C:\Users\korol\.m2\repository\com\h2database\h2\2.3.232\h2-2.3.232.jar;C:\Users\korol\.m2\repository\org\projectlombok\lombok\1.18.34\lombok-1.18.34.jar;C:\Users\korol\.m2\repository\jakarta\xml\bind\jakarta.xml.bind-api\4.0.2\jakarta.xml.bind-api-4.0.2.jar;C:\Users\korol\.m2\repository\jakarta\activation\jakarta.activation-api\2.1.3\jakarta.activation-api-2.1.3.jar;C:\Users\korol\.m2\repository\org\springframework\spring-core\6.1.12\spring-core-6.1.12.jar;C:\Users\korol\.m2\repository\org\springframework\spring-jcl\6.1.12\spring-jcl-6.1.12.jar
Launcher Type: SUN_STANDARD

[Global flags]
     intx CICompilerCount                          = 3                                         {product} {ergonomic}
     uint ConcGCThreads                            = 1                                         {product} {ergonomic}
     uint G1ConcRefinementThreads                  = 4                                         {product} {ergonomic}
   size_t G1HeapRegionSize                         = 1048576                                   {product} {ergonomic}
    uintx GCDrainStackTargetSize                   = 64                                        {product} {ergonomic}
   size_t InitialHeapSize                          = 67108864                                  {product} {ergonomic}
   size_t MarkStackSize                            = 4194304                                   {product} {ergonomic}
   size_t MaxHeapSize                              = 1052770304                                {product} {ergonomic}
   size_t MaxNewSize                               = 631242752                                 {product} {ergonomic}
   size_t MinHeapDeltaBytes                        = 1048576                                   {product} {ergonomic}
   size_t MinHeapSize                              = 8388608                                   {product} {ergonomic}
    uintx NonNMethodCodeHeapSize                   = 5832780                                {pd product} {ergonomic}
    uintx NonProfiledCodeHeapSize                  = 122912730                              {pd product} {ergonomic}
    uintx ProfiledCodeHeapSize                     = 122912730                              {pd product} {ergonomic}
    uintx ReservedCodeCacheSize                    = 251658240                              {pd product} {ergonomic}
     bool SegmentedCodeCache                       = true                                      {product} {ergonomic}
   size_t SoftMaxHeapSize                          = 1052770304                             {manageable} {ergonomic}
     bool UseCompressedOops                        = true                           {product lp64_product} {ergonomic}
     bool UseG1GC                                  = true                                      {product} {ergonomic}
     bool UseLargePagesIndividualAllocation        = false                                  {pd product} {ergonomic}

Logging:
Log output configuration:
 #0: stdout all=warning uptime,level,tags foldmultilines=false
 #1: stderr all=off uptime,level,tags foldmultilines=false

Environment Variables:
JAVA_HOME=C:\Program Files\Java\jdk-14.0.2
PATH=C:\Program Files\Common Files\Oracle\Java\javapath;C:\Program Files (x86)\Intel\iCLS Client\;C:\Program Files\Intel\iCLS Client\;C:\WINDOWS\system32;C:\WINDOWS;C:\WINDOWS\System32\Wbem;C:\WINDOWS\System32\WindowsPowerShell\v1.0\;C:\WINDOWS\System32\OpenSSH\;C:\Program Files (x86)\Intel\Intel(R) Management Engine Components\DAL;C:\Program Files\Intel\Intel(R) Management Engine Components\DAL;C:\Program Files\Intel\WiFi\bin\;C:\Program Files\Common Files\Intel\WirelessCommon\;C:\Program Files\Java\jdk-14.0.2\bin;C:\Program Files\Git\cmd;C:\Program Files\dotnet\;C:\Program Files\Java\jdk-21\bin;;C:\Program Files\Docker\Docker\resources\bin;C:\Program Files\MySQL\MySQL Shell 8.0\bin\;C:\Users\korol\AppData\Local\Microsoft\WindowsApps;C:\Users\korol\.dotnet\tools;C:\Users\korol\AppData\Local\Programs\Python\Python311\Scripts;C:\Users\korol\AppData\Local\Programs\Microsoft VS Code\bin;C:\Program Files\JetBrains\IntelliJ IDEA Community Edition 2023.2.2\bin;;C:\Program Files\Java\jdk-21\bin;
USERNAME=korol
OS=Windows_NT
PROCESSOR_IDENTIFIER=Intel64 Family 6 Model 142 Stepping 9, GenuineIntel
TMP=C:\Users\korol\AppData\Local\Temp
TEMP=C:\Users\korol\AppData\Local\Temp




---------------  S Y S T E M  ---------------

OS:
 Windows 10 , 64 bit Build 19041 (10.0.19041.4717)
OS uptime: 6 days 14:51 hours
Hyper-V role detected

CPU: total 4 (initial active 4) (2 cores per cpu, 2 threads per core) family 6 model 142 stepping 9 microcode 0xb4, cx8, cmov, fxsr, ht, mmx, 3dnowpref, sse, sse2, sse3, ssse3, sse4.1, sse4.2, popcnt, lzcnt, tsc, tscinvbit, aes, erms, clmul, clflush, clflushopt, hv, rdtscp
Processor Information for all 4 processors :
  Max Mhz: 2304, Current Mhz: 2304, Mhz Limit: 2304

Memory: 4k page, system-wide physical 4009M (321M free)
TotalPageFile size 16297M (AvailPageFile size 5M)
current process WorkingSet (physical memory assigned to process): 152M, peak: 152M
current process commit charge ("private bytes"): 187M, peak: 188M

vm_info: Java HotSpot(TM) 64-Bit Server VM (21+35-LTS-2513) for windows-amd64 JRE (21+35-LTS-2513), built on 2023-08-09T20:25:10Z by "mach5one" with MS VC++ 17.1 (VS2022)

END.
